c:\users\hans9\source\repos\firstproj\tbc11.6다양한 문자열 함수들\debug\vc142.pdb
c:\users\hans9\source\repos\firstproj\tbc11.6다양한 문자열 함수들\debug\vc142.idb
c:\users\hans9\source\repos\firstproj\tbc11.6다양한 문자열 함수들\debug\main.obj
c:\users\hans9\source\repos\firstproj\debug\tbc11.6다양한 문자열 함수들.pdb
c:\users\hans9\source\repos\firstproj\tbc11.6다양한 문자열 함수들\debug\tbc11.6다.2973538a.tlog\cl.command.1.tlog
c:\users\hans9\source\repos\firstproj\tbc11.6다양한 문자열 함수들\debug\tbc11.6다.2973538a.tlog\cl.read.1.tlog
c:\users\hans9\source\repos\firstproj\tbc11.6다양한 문자열 함수들\debug\tbc11.6다.2973538a.tlog\cl.write.1.tlog
c:\users\hans9\source\repos\firstproj\tbc11.6다양한 문자열 함수들\debug\tbc11.6다.2973538a.tlog\link-cvtres.read.1.tlog
c:\users\hans9\source\repos\firstproj\tbc11.6다양한 문자열 함수들\debug\tbc11.6다.2973538a.tlog\link-cvtres.write.1.tlog
c:\users\hans9\source\repos\firstproj\tbc11.6다양한 문자열 함수들\debug\tbc11.6다.2973538a.tlog\link-rc.read.1.tlog
c:\users\hans9\source\repos\firstproj\tbc11.6다양한 문자열 함수들\debug\tbc11.6다.2973538a.tlog\link-rc.write.1.tlog
c:\users\hans9\source\repos\firstproj\tbc11.6다양한 문자열 함수들\debug\tbc11.6다.2973538a.tlog\link.1072-cvtres.read.1.tlog
c:\users\hans9\source\repos\firstproj\tbc11.6다양한 문자열 함수들\debug\tbc11.6다.2973538a.tlog\link.1072-cvtres.write.1.tlog
c:\users\hans9\source\repos\firstproj\tbc11.6다양한 문자열 함수들\debug\tbc11.6다.2973538a.tlog\link.1072-rc.read.1.tlog
c:\users\hans9\source\repos\firstproj\tbc11.6다양한 문자열 함수들\debug\tbc11.6다.2973538a.tlog\link.1072-rc.write.1.tlog
c:\users\hans9\source\repos\firstproj\tbc11.6다양한 문자열 함수들\debug\tbc11.6다.2973538a.tlog\link.1072.read.1.tlog
c:\users\hans9\source\repos\firstproj\tbc11.6다양한 문자열 함수들\debug\tbc11.6다.2973538a.tlog\link.1072.write.1.tlog
c:\users\hans9\source\repos\firstproj\tbc11.6다양한 문자열 함수들\debug\tbc11.6다.2973538a.tlog\link.command.1.tlog
c:\users\hans9\source\repos\firstproj\tbc11.6다양한 문자열 함수들\debug\tbc11.6다.2973538a.tlog\link.read.1.tlog
c:\users\hans9\source\repos\firstproj\tbc11.6다양한 문자열 함수들\debug\tbc11.6다.2973538a.tlog\link.write.1.tlog
